C51 COMPILER V9.60.0.0   ONEWIRE                                                           03/09/2024 11:23:00 PAGE 1   


C51 COMPILER V9.60.0.0, COMPILATION OF MODULE ONEWIRE
OBJECT MODULE PLACED IN .\Objects\onewire.obj
COMPILER INVOKED BY: C:\DHBW\Mechatronische Systeme in der Anwendung\Software-20240129\C51\BIN\C51.EXE onewire.c OPTIMIZ
                    -E(8,SPEED) BROWSE MODP2 DEBUG OBJECTEXTEND PRINT(.\Listings\onewire.lst) TABS(2) OBJECT(.\Objects\onewire.obj)

line level    source

   1          #include <xc886.h> // XC Board Bibliothek
   2          #include <ow_ok.h> // OneWire Bibliothek
   3          #include <stdio.h>
   4          
   5          unsigned int temp;
   6          unsigned int temp_z;
   7          // Wartefunktion, blockiert für 't' Schleifendurchl?ufe. Ein Schleifendurchlauf entspricht 15uS.
   8          void wait(int t)
   9          {
  10   1          unsigned int i;
  11   1          for(i = 0; i < (t*100); i++)
  12   1          {
  13   2              TH1 = 0xFF;
  14   2              TL1 = 0x87;  // Eine Schleife entspricht 10uS -> 0xffff - ( 10us - 0.0833us) ==  0xff87 ; Entspric
             -ht allerdings laut Messung ca 15us
  15   2              while(TF1 == 0);  // Wartet auf Timer-Flag
  16   2              TF1 = 0;  // Setzt Timer-Flag zur?ck
  17   2          }
  18   1      }
  19          
  20          
  21          void main(void)
  22          {
  23   1        lcd_init();
  24   1        lcd_clr();
  25   1        lcd_curs(0);
  26   1        
  27   1        TMOD = 0x11;
  28   1        TR1 = 1;
  29   1        lcd_str("Temperatur: ");
  30   1        while(1)
  31   1        {
  32   2          lcd_curs(12);
  33   2          // 1 Wirte Reset Funktion
  34   2          ow_reset();
  35   2          
  36   2          // Skip ROM Befehl 0xCC
  37   2          ow_wr_byte(0xCC);
  38   2          
  39   2          // Start Temperaturwandlung Befehl 0x44
  40   2          ow_wr_byte(0x44);
  41   2          
  42   2          // Wait 750ms
  43   2          wait(30000);
  44   2          
  45   2          // Resetpuls Master
  46   2          ow_reset();
  47   2          
  48   2          // Presence Puls vom Slave
  49   2          
  50   2          ow_wr_byte(0xCC); // Skip ROM Befehl 0xCC
  51   2          ow_wr_byte(0xBE); // Read Scratchpad Befehl 0xBE (9 Bytes)
  52   2          
  53   2          ow_rd_rom();
C51 COMPILER V9.60.0.0   ONEWIRE                                                           03/09/2024 11:23:00 PAGE 2   

  54   2          temp = rom_c[0] / 2;
  55   2          asc_out(temp/10 + 0x30);
  56   2          asc_out(temp%10 + 0x30);
  57   2          lcd_str(",");
  58   2          temp_z = rom_c[0]%2*5;
  59   2          asc_out(temp_z + 0x30);
  60   2          asc_out(260);
  61   2          asc_out(67);
  62   2        }
  63   1        
  64   1      }


MODULE INFORMATION:   STATIC OVERLAYABLE
   CODE SIZE        =    428    ----
   CONSTANT SIZE    =     15    ----
   XDATA SIZE       =   ----    ----
   PDATA SIZE       =   ----    ----
   DATA SIZE        =     18       1
   IDATA SIZE       =   ----    ----
   BIT SIZE         =   ----    ----
END OF MODULE INFORMATION.


C51 COMPILATION COMPLETE.  0 WARNING(S),  0 ERROR(S)
